<?xml version="1.0" encoding="UTF-8"?>
<testsuite name="TestStringCalculator" tests="3" skipped="0" failures="0" errors="0" timestamp="2021-04-01T17:50:13" hostname="PC-ubuntu" time="0.017">
  <properties/>
  <testcase name="testAddWithNumbers()" classname="TestStringCalculator" time="0.013"/>
  <testcase name="testAddWithEmptyString()" classname="TestStringCalculator" time="0.001"/>
  <testcase name="testAddWithDoubleValue()" classname="TestStringCalculator" time="0.001"/>
  <system-out><![CDATA[]]></system-out>
  <system-err><![CDATA[]]></system-err>
</testsuite>
