<?xml version="1.0" encoding="UTF-8"?>
<testsuite name="TestStringCalculator" tests="1" skipped="0" failures="0" errors="0" timestamp="2021-04-01T17:54:32" hostname="PC-ubuntu" time="0.015">
  <properties/>
  <testcase name="testNewLineSeparator()" classname="TestStringCalculator" time="0.015"/>
  <system-out><![CDATA[]]></system-out>
  <system-err><![CDATA[]]></system-err>
</testsuite>
