<?xml version="1.0" encoding="UTF-8"?>
<testsuite name="TestStringCalculator" tests="10" skipped="0" failures="0" errors="0" timestamp="2021-04-03T16:40:12" hostname="PC-ubuntu" time="0.022">
  <properties/>
  <testcase name="testAddWithNumbers()" classname="TestStringCalculator" time="0.013"/>
  <testcase name="testNewLineAfterComma()" classname="TestStringCalculator" time="0.001"/>
  <testcase name="testAddWithEmptyString()" classname="TestStringCalculator" time="0.0"/>
  <testcase name="testLastCharAsComma()" classname="TestStringCalculator" time="0.0"/>
  <testcase name="testCustomSeparator()" classname="TestStringCalculator" time="0.0"/>
  <testcase name="testAddWithDoubleValue()" classname="TestStringCalculator" time="0.0"/>
  <testcase name="testNumbersQuantity()" classname="TestStringCalculator" time="0.001"/>
  <testcase name="testNewLineSeparator()" classname="TestStringCalculator" time="0.001"/>
  <testcase name="testAddWithNegativeNumbers()" classname="TestStringCalculator" time="0.001"/>
  <testcase name="testWrongCustomSeparator()" classname="TestStringCalculator" time="0.001"/>
  <system-out><![CDATA[]]></system-out>
  <system-err><![CDATA[]]></system-err>
</testsuite>
